# JRE version: Java(TM) SE Runtime Environment (8.0_161-b12) (build 1.8.0_161-b12)
# Java VM: Java HotSpot(TM) 64-Bit Server VM (25.161-b12 mixed mode windows-amd64 compressed oops)
Heap:
 PSYoungGen      total 70656K, used 22428K [0x00000000d6000000, 0x00000000df000000, 0x0000000100000000)
  eden space 65536K, 34% used [0x00000000d6000000,0x00000000d75e70b8,0x00000000da000000)
  from space 5120K, 0% used [0x00000000da000000,0x00000000da000000,0x00000000da500000)
  to   space 8192K, 0% used [0x00000000de800000,0x00000000de800000,0x00000000df000000)
 ParOldGen       total 59392K, used 6959K [0x0000000082000000, 0x0000000085a00000, 0x00000000d6000000)
  object space 59392K, 11% used [0x0000000082000000,0x00000000826cbf80,0x0000000085a00000)
 Metaspace       used 23823K, capacity 24172K, committed 24704K, reserved 1071104K
  class space    used 3261K, capacity 3378K, committed 3456K, reserved 1048576K
GC Heap History (10 events):
Event: 1.133 GC heap before
{Heap before GC invocations=2 (full 0):
 PSYoungGen      total 37888K, used 36926K [0x00000000d6000000, 0x00000000d8a00000, 0x0000000100000000)
  eden space 32768K, 100% used [0x00000000d6000000,0x00000000d8000000,0x00000000d8000000)
  from space 5120K, 81% used [0x00000000d8000000,0x00000000d840f8b0,0x00000000d8500000)
  to   space 5120K, 0% used [0x00000000d8500000,0x00000000d8500000,0x00000000d8a00000)
 ParOldGen       total 86016K, used 8K [0x0000000082000000, 0x0000000087400000, 0x00000000d6000000)
  object space 86016K, 0% used [0x0000000082000000,0x0000000082002000,0x0000000087400000)
 Metaspace       used 10961K, capacity 11044K, committed 11264K, reserved 1058816K
  class space    used 1389K, capacity 1424K, committed 1536K, reserved 1048576K
Event: 1.138 GC heap after
Heap after GC invocations=2 (full 0):
 PSYoungGen      total 37888K, used 5116K [0x00000000d6000000, 0x00000000d8a00000, 0x0000000100000000)
  eden space 32768K, 0% used [0x00000000d6000000,0x00000000d6000000,0x00000000d8000000)
  from space 5120K, 99% used [0x00000000d8500000,0x00000000d89ff0c8,0x00000000d8a00000)
  to   space 5120K, 0% used [0x00000000d8000000,0x00000000d8000000,0x00000000d8500000)
 ParOldGen       total 86016K, used 667K [0x0000000082000000, 0x0000000087400000, 0x00000000d6000000)
  object space 86016K, 0% used [0x0000000082000000,0x00000000820a6df8,0x0000000087400000)
 Metaspace       used 10961K, capacity 11044K, committed 11264K, reserved 1058816K
  class space    used 1389K, capacity 1424K, committed 1536K, reserved 1048576K
}
Event: 1.626 GC heap before
{Heap before GC invocations=3 (full 0):
 PSYoungGen      total 37888K, used 37884K [0x00000000d6000000, 0x00000000d8a00000, 0x0000000100000000)
  eden space 32768K, 100% used [0x00000000d6000000,0x00000000d8000000,0x00000000d8000000)
  from space 5120K, 99% used [0x00000000d8500000,0x00000000d89ff0c8,0x00000000d8a00000)
  to   space 5120K, 0% used [0x00000000d8000000,0x00000000d8000000,0x00000000d8500000)
 ParOldGen       total 86016K, used 667K [0x0000000082000000, 0x0000000087400000, 0x00000000d6000000)
  object space 86016K, 0% used [0x0000000082000000,0x00000000820a6df8,0x0000000087400000)
 Metaspace       used 15672K, capacity 15850K, committed 16128K, reserved 1062912K
  class space    used 1934K, capacity 2003K, committed 2048K, reserved 1048576K
Event: 1.633 GC heap after
Heap after GC invocations=3 (full 0):
 PSYoungGen      total 37888K, used 5108K [0x00000000d6000000, 0x00000000daa00000, 0x0000000100000000)
  eden space 32768K, 0% used [0x00000000d6000000,0x00000000d6000000,0x00000000d8000000)
  from space 5120K, 99% used [0x00000000d8000000,0x00000000d84fd3f0,0x00000000d8500000)
  to   space 5120K, 0% used [0x00000000da500000,0x00000000da500000,0x00000000daa00000)
 ParOldGen       total 86016K, used 2031K [0x0000000082000000, 0x0000000087400000, 0x00000000d6000000)
  object space 86016K, 2% used [0x0000000082000000,0x00000000821fbe10,0x0000000087400000)
 Metaspace       used 15672K, capacity 15850K, committed 16128K, reserved 1062912K
  class space    used 1934K, capacity 2003K, committed 2048K, reserved 1048576K
}
Event: 2.057 GC heap before
{Heap before GC invocations=4 (full 0):
 PSYoungGen      total 37888K, used 37876K [0x00000000d6000000, 0x00000000daa00000, 0x0000000100000000)
  eden space 32768K, 100% used [0x00000000d6000000,0x00000000d8000000,0x00000000d8000000)
  from space 5120K, 99% used [0x00000000d8000000,0x00000000d84fd3f0,0x00000000d8500000)
  to   space 5120K, 0% used [0x00000000da500000,0x00000000da500000,0x00000000daa00000)
 ParOldGen       total 86016K, used 2031K [0x0000000082000000, 0x0000000087400000, 0x00000000d6000000)
  object space 86016K, 2% used [0x0000000082000000,0x00000000821fbe10,0x0000000087400000)
 Metaspace       used 18635K, capacity 18842K, committed 19072K, reserved 1067008K
  class space    used 2327K, capacity 2391K, committed 2432K, reserved 1048576K
Event: 2.066 GC heap after
Heap after GC invocations=4 (full 0):
 PSYoungGen      total 70656K, used 5103K [0x00000000d6000000, 0x00000000daa00000, 0x0000000100000000)
  eden space 65536K, 0% used [0x00000000d6000000,0x00000000d6000000,0x00000000da000000)
  from space 5120K, 99% used [0x00000000da500000,0x00000000da9fbee0,0x00000000daa00000)
  to   space 5120K, 0% used [0x00000000da000000,0x00000000da000000,0x00000000da500000)
 ParOldGen       total 86016K, used 3444K [0x0000000082000000, 0x0000000087400000, 0x00000000d6000000)
  object space 86016K, 4% used [0x0000000082000000,0x000000008235d3c8,0x0000000087400000)
 Metaspace       used 18635K, capacity 18842K, committed 19072K, reserved 1067008K
  class space    used 2327K, capacity 2391K, committed 2432K, reserved 1048576K
}
Event: 2.536 GC heap before
{Heap before GC invocations=5 (full 0):
 PSYoungGen      total 70656K, used 41871K [0x00000000d6000000, 0x00000000daa00000, 0x0000000100000000)
  eden space 65536K, 56% used [0x00000000d6000000,0x00000000d83e7de8,0x00000000da000000)
  from space 5120K, 99% used [0x00000000da500000,0x00000000da9fbee0,0x00000000daa00000)
  to   space 5120K, 0% used [0x00000000da000000,0x00000000da000000,0x00000000da500000)
 ParOldGen       total 86016K, used 3444K [0x0000000082000000, 0x0000000087400000, 0x00000000d6000000)
  object space 86016K, 4% used [0x0000000082000000,0x000000008235d3c8,0x0000000087400000)
 Metaspace       used 20770K, capacity 21032K, committed 21248K, reserved 1067008K
  class space    used 2658K, capacity 2760K, committed 2816K, reserved 1048576K
Event: 2.543 GC heap after
Heap after GC invocations=5 (full 0):
 PSYoungGen      total 70656K, used 5103K [0x00000000d6000000, 0x00000000df000000, 0x0000000100000000)
  eden space 65536K, 0% used [0x00000000d6000000,0x00000000d6000000,0x00000000da000000)
  from space 5120K, 99% used [0x00000000da000000,0x00000000da4fbfb8,0x00000000da500000)
  to   space 8192K, 0% used [0x00000000de800000,0x00000000de800000,0x00000000df000000)
 ParOldGen       total 86016K, used 5373K [0x0000000082000000, 0x0000000087400000, 0x00000000d6000000)
  object space 86016K, 6% used [0x0000000082000000,0x000000008253f5b8,0x0000000087400000)
 Metaspace       used 20770K, capacity 21032K, committed 21248K, reserved 1067008K
  class space    used 2658K, capacity 2760K, committed 2816K, reserved 1048576K
}
Event: 2.543 GC heap before
{Heap before GC invocations=6 (full 1):
 PSYoungGen      total 70656K, used 5103K [0x00000000d6000000, 0x00000000df000000, 0x0000000100000000)
  eden space 65536K, 0% used [0x00000000d6000000,0x00000000d6000000,0x00000000da000000)
  from space 5120K, 99% used [0x00000000da000000,0x00000000da4fbfb8,0x00000000da500000)
  to   space 8192K, 0% used [0x00000000de800000,0x00000000de800000,0x00000000df000000)
 ParOldGen       total 86016K, used 5373K [0x0000000082000000, 0x0000000087400000, 0x00000000d6000000)
  object space 86016K, 6% used [0x0000000082000000,0x000000008253f5b8,0x0000000087400000)
 Metaspace       used 20770K, capacity 21032K, committed 21248K, reserved 1067008K
  class space    used 2658K, capacity 2760K, committed 2816K, reserved 1048576K
Event: 2.578 GC heap after
Heap after GC invocations=6 (full 1):
 PSYoungGen      total 70656K, used 0K [0x00000000d6000000, 0x00000000df000000, 0x0000000100000000)
  eden space 65536K, 0% used [0x00000000d6000000,0x00000000d6000000,0x00000000da000000)
  from space 5120K, 0% used [0x00000000da000000,0x00000000da000000,0x00000000da500000)
  to   space 8192K, 0% used [0x00000000de800000,0x00000000de800000,0x00000000df000000)
 ParOldGen       total 59392K, used 6959K [0x0000000082000000, 0x0000000085a00000, 0x00000000d6000000)
  object space 59392K, 11% used [0x0000000082000000,0x00000000826cbf80,0x0000000085a00000)
 Metaspace       used 20770K, capacity 21032K, committed 21248K, reserved 1067008K
  class space    used 2658K, capacity 2760K, committed 2816K, reserved 1048576K
}

